Fri Jun 24 13:00:23 2016
../hdbclient/regi create workspace . --key=SYSTEM
{"action":create,
"key":SYSTEM,
"what":workSpace,
"workSpace":.}

Fri Jun 24 13:02:57 2016
../hdbclient/regi track sap.try
{"action":track,
"package":sap.try,
"what":package}
Tracked packages             : 1

Fri Jun 24 13:04:37 2016
../hdbclient/regi checkout --force
{"action":checkout,
"force":X,
"what":trackedPackages}
Created directories          : 4
Created files                : 6

Fri Jun 24 17:24:49 2016
../hdbclient/regi track sap.try
{"action":track,
"package":sap.try,
"what":package}
Tracked packages             : 1

Fri Jun 24 17:25:04 2016
../hdbclient/regi commit
{"action":commit,
"what":trackedPackages}
Committed files              : 1

Fri Jun 24 17:25:36 2016
../hdbclient/regi activate
{"action":activate,
"what":trackedPackages}
Activated objects            : 1

